# JRE version: Java(TM) SE Runtime Environment (7.0_67-b01) (build 1.7.0_67-b01)
# Java VM: Java HotSpot(TM) 64-Bit Server VM (24.65-b04 mixed mode bsd-amd64 compressed oops)
Heap
 PSYoungGen      total 219136K, used 177315K [0x00000007eaa80000, 0x00000007f9700000, 0x0000000800000000)
  eden space 202752K, 82% used [0x00000007eaa80000,0x00000007f4e54c80,0x00000007f7080000)
  from space 16384K, 58% used [0x00000007f7080000,0x00000007f79d4340,0x00000007f8080000)
  to   space 16384K, 0% used [0x00000007f8700000,0x00000007f8700000,0x00000007f9700000)
 ParOldGen       total 142336K, used 65140K [0x00000007c0000000, 0x00000007c8b00000, 0x00000007eaa80000)
  object space 142336K, 45% used [0x00000007c0000000,0x00000007c3f9d118,0x00000007c8b00000)
 PSPermGen       total 96256K, used 81373K [0x00000007b0000000, 0x00000007b5e00000, 0x00000007c0000000)
  object space 96256K, 84% used [0x00000007b0000000,0x00000007b4f77570,0x00000007b5e00000)
GC Heap History (10 events):
Event: 12739.029 GC heap before
{Heap before GC invocations=69 (full 15):
 PSYoungGen      total 204288K, used 199934K [0x00000007eaa80000, 0x00000007f8780000, 0x0000000800000000)
  eden space 190464K, 100% used [0x00000007eaa80000,0x00000007f6480000,0x00000007f6480000)
  from space 13824K, 68% used [0x00000007f6480000,0x00000007f6dbfaf8,0x00000007f7200000)
  to   space 14336K, 0% used [0x00000007f7980000,0x00000007f7980000,0x00000007f8780000)
 ParOldGen       total 142336K, used 84639K [0x00000007c0000000, 0x00000007c8b00000, 0x00000007eaa80000)
  object space 142336K, 59% used [0x00000007c0000000,0x00000007c52a7f58,0x00000007c8b00000)
 PSPermGen       total 88064K, used 81097K [0x00000007b0000000, 0x00000007b5600000, 0x00000007c0000000)
  object space 88064K, 92% used [0x00000007b0000000,0x00000007b4f32640,0x00000007b5600000)
Event: 12739.066 GC heap after
Heap after GC invocations=69 (full 15):
 PSYoungGen      total 209920K, used 9663K [0x00000007eaa80000, 0x00000007f8700000, 0x0000000800000000)
  eden space 196096K, 0% used [0x00000007eaa80000,0x00000007eaa80000,0x00000007f6a00000)
  from space 13824K, 69% used [0x00000007f7980000,0x00000007f82efea0,0x00000007f8700000)
  to   space 14848K, 0% used [0x00000007f6a00000,0x00000007f6a00000,0x00000007f7880000)
 ParOldGen       total 142336K, used 84639K [0x00000007c0000000, 0x00000007c8b00000, 0x00000007eaa80000)
  object space 142336K, 59% used [0x00000007c0000000,0x00000007c52a7f58,0x00000007c8b00000)
 PSPermGen       total 88064K, used 81097K [0x00000007b0000000, 0x00000007b5600000, 0x00000007c0000000)
  object space 88064K, 92% used [0x00000007b0000000,0x00000007b4f32640,0x00000007b5600000)
}
Event: 12741.498 GC heap before
{Heap before GC invocations=70 (full 15):
 PSYoungGen      total 209920K, used 205759K [0x00000007eaa80000, 0x00000007f8700000, 0x0000000800000000)
  eden space 196096K, 100% used [0x00000007eaa80000,0x00000007f6a00000,0x00000007f6a00000)
  from space 13824K, 69% used [0x00000007f7980000,0x00000007f82efea0,0x00000007f8700000)
  to   space 14848K, 0% used [0x00000007f6a00000,0x00000007f6a00000,0x00000007f7880000)
 ParOldGen       total 142336K, used 84639K [0x00000007c0000000, 0x00000007c8b00000, 0x00000007eaa80000)
  object space 142336K, 59% used [0x00000007c0000000,0x00000007c52a7f58,0x00000007c8b00000)
 PSPermGen       total 88064K, used 81307K [0x00000007b0000000, 0x00000007b5600000, 0x00000007c0000000)
  object space 88064K, 92% used [0x00000007b0000000,0x00000007b4f66f90,0x00000007b5600000)
Event: 12741.530 GC heap after
Heap after GC invocations=70 (full 15):
 PSYoungGen      total 210944K, used 14847K [0x00000007eaa80000, 0x00000007f9280000, 0x0000000800000000)
  eden space 196096K, 0% used [0x00000007eaa80000,0x00000007eaa80000,0x00000007f6a00000)
  from space 14848K, 99% used [0x00000007f6a00000,0x00000007f787ff38,0x00000007f7880000)
  to   space 17408K, 0% used [0x00000007f8180000,0x00000007f8180000,0x00000007f9280000)
 ParOldGen       total 142336K, used 85033K [0x00000007c0000000, 0x00000007c8b00000, 0x00000007eaa80000)
  object space 142336K, 59% used [0x00000007c0000000,0x00000007c530a5e0,0x00000007c8b00000)
 PSPermGen       total 88064K, used 81307K [0x00000007b0000000, 0x00000007b5600000, 0x00000007c0000000)
  object space 88064K, 92% used [0x00000007b0000000,0x00000007b4f66f90,0x00000007b5600000)
}
Event: 12741.901 GC heap before
{Heap before GC invocations=71 (full 15):
 PSYoungGen      total 210944K, used 43303K [0x00000007eaa80000, 0x00000007f9280000, 0x0000000800000000)
  eden space 196096K, 14% used [0x00000007eaa80000,0x00000007ec649ee8,0x00000007f6a00000)
  from space 14848K, 99% used [0x00000007f6a00000,0x00000007f787ff38,0x00000007f7880000)
  to   space 17408K, 0% used [0x00000007f8180000,0x00000007f8180000,0x00000007f9280000)
 ParOldGen       total 142336K, used 85033K [0x00000007c0000000, 0x00000007c8b00000, 0x00000007eaa80000)
  object space 142336K, 59% used [0x00000007c0000000,0x00000007c530a5e0,0x00000007c8b00000)
 PSPermGen       total 88064K, used 81733K [0x00000007b0000000, 0x00000007b5600000, 0x00000007c0000000)
  object space 88064K, 92% used [0x00000007b0000000,0x00000007b4fd1630,0x00000007b5600000)
Event: 12741.933 GC heap after
Heap after GC invocations=71 (full 15):
 PSYoungGen      total 218112K, used 7136K [0x00000007eaa80000, 0x00000007f9080000, 0x0000000800000000)
  eden space 202752K, 0% used [0x00000007eaa80000,0x00000007eaa80000,0x00000007f7080000)
  from space 15360K, 46% used [0x00000007f8180000,0x00000007f8878348,0x00000007f9080000)
  to   space 16384K, 0% used [0x00000007f7080000,0x00000007f7080000,0x00000007f8080000)
 ParOldGen       total 142336K, used 91932K [0x00000007c0000000, 0x00000007c8b00000, 0x00000007eaa80000)
  object space 142336K, 64% used [0x00000007c0000000,0x00000007c59c7178,0x00000007c8b00000)
 PSPermGen       total 88064K, used 81733K [0x00000007b0000000, 0x00000007b5600000, 0x00000007c0000000)
  object space 88064K, 92% used [0x00000007b0000000,0x00000007b4fd1630,0x00000007b5600000)
}
Event: 12741.933 GC heap before
{Heap before GC invocations=72 (full 16):
 PSYoungGen      total 218112K, used 7136K [0x00000007eaa80000, 0x00000007f9080000, 0x0000000800000000)
  eden space 202752K, 0% used [0x00000007eaa80000,0x00000007eaa80000,0x00000007f7080000)
  from space 15360K, 46% used [0x00000007f8180000,0x00000007f8878348,0x00000007f9080000)
  to   space 16384K, 0% used [0x00000007f7080000,0x00000007f7080000,0x00000007f8080000)
 ParOldGen       total 142336K, used 91932K [0x00000007c0000000, 0x00000007c8b00000, 0x00000007eaa80000)
  object space 142336K, 64% used [0x00000007c0000000,0x00000007c59c7178,0x00000007c8b00000)
 PSPermGen       total 88064K, used 81733K [0x00000007b0000000, 0x00000007b5600000, 0x00000007c0000000)
  object space 88064K, 92% used [0x00000007b0000000,0x00000007b4fd1630,0x00000007b5600000)
Event: 12742.532 GC heap after
Heap after GC invocations=72 (full 16):
 PSYoungGen      total 218112K, used 0K [0x00000007eaa80000, 0x00000007f9080000, 0x0000000800000000)
  eden space 202752K, 0% used [0x00000007eaa80000,0x00000007eaa80000,0x00000007f7080000)
  from space 15360K, 0% used [0x00000007f8180000,0x00000007f8180000,0x00000007f9080000)
  to   space 16384K, 0% used [0x00000007f7080000,0x00000007f7080000,0x00000007f8080000)
 ParOldGen       total 142336K, used 65140K [0x00000007c0000000, 0x00000007c8b00000, 0x00000007eaa80000)
  object space 142336K, 45% used [0x00000007c0000000,0x00000007c3f9d118,0x00000007c8b00000)
 PSPermGen       total 96256K, used 80387K [0x00000007b0000000, 0x00000007b5e00000, 0x00000007c0000000)
  object space 96256K, 83% used [0x00000007b0000000,0x00000007b4e80ed8,0x00000007b5e00000)
}
Event: 12745.671 GC heap before
{Heap before GC invocations=73 (full 16):
 PSYoungGen      total 218112K, used 202752K [0x00000007eaa80000, 0x00000007f9080000, 0x0000000800000000)
  eden space 202752K, 100% used [0x00000007eaa80000,0x00000007f7080000,0x00000007f7080000)
  from space 15360K, 0% used [0x00000007f8180000,0x00000007f8180000,0x00000007f9080000)
  to   space 16384K, 0% used [0x00000007f7080000,0x00000007f7080000,0x00000007f8080000)
 ParOldGen       total 142336K, used 65140K [0x00000007c0000000, 0x00000007c8b00000, 0x00000007eaa80000)
  object space 142336K, 45% used [0x00000007c0000000,0x00000007c3f9d118,0x00000007c8b00000)
 PSPermGen       total 96256K, used 80792K [0x00000007b0000000, 0x00000007b5e00000, 0x00000007c0000000)
  object space 96256K, 83% used [0x00000007b0000000,0x00000007b4ee6378,0x00000007b5e00000)
Event: 12745.689 GC heap after
Heap after GC invocations=73 (full 16):
 PSYoungGen      total 219136K, used 9552K [0x00000007eaa80000, 0x00000007f9700000, 0x0000000800000000)
  eden space 202752K, 0% used [0x00000007eaa80000,0x00000007eaa80000,0x00000007f7080000)
  from space 16384K, 58% used [0x00000007f7080000,0x00000007f79d4340,0x00000007f8080000)
  to   space 16384K, 0% used [0x00000007f8700000,0x00000007f8700000,0x00000007f9700000)
 ParOldGen       total 142336K, used 65140K [0x00000007c0000000, 0x00000007c8b00000, 0x00000007eaa80000)
  object space 142336K, 45% used [0x00000007c0000000,0x00000007c3f9d118,0x00000007c8b00000)
 PSPermGen       total 96256K, used 80792K [0x00000007b0000000, 0x00000007b5e00000, 0x00000007c0000000)
  object space 96256K, 83% used [0x00000007b0000000,0x00000007b4ee6378,0x00000007b5e00000)
}

